Clus run 'dataframe-weka.filters.unsupervised.attribute.StringToNominal-R18-weka.filters.unsupervised.attribute.StringToNominal-R19-weka.filters.unsupervised.attribute.Remove-R1-weka.filters.unsupervised.attribute.RenameNominalValues-R19-NC:A,D:B,N:?-weka.filters.unsupervised.attribute.Remove-R3-weka.filters.unsupervised.attribute.Remove-R3-4-weka.filters.unsupervised.attribute.Remove-R14-15-weka.filters.unsupervised.instance.RemoveWithValues-S0.0-Clast-Llast'
********************************************************************************************************************************************************************************************************************************************************************************************************************************************************************************************************************************************************************************

Date: 05/11/19, 20:38
File: external_libraries/conf_2.out
Attributes: 14 (input: 13, output: 1)
Missing values: No

[General]
Verbose = 1
Compatibility = Latest
RandomSeed = 1
ResourceInfoLoaded = No

[Data]
File = 5_fold/train0.arff
TestSet = 5_fold/test0.arff
PruneSet = None
XVal = 10
RemoveMissingTarget = No
NormalizeData = None

[Attributes]
Target = 14
Clustering = 14
Descriptive = 1-13
Key = None
Disable = None
Weights = Normalize
ClusteringWeights = 1.0
ReduceMemoryNominalAttrs = No
GIS = None

[Constraints]
Syntactic = None
MaxSize = Infinity
MaxError = 0.0
MaxDepth = Infinity

[Nominal]
MEstimate = 1.0

[Model]
MinimalWeight = 2.0
MinimalNumberExamples = 0
MinimalKnownWeight = 0.0
ParamTuneNumberFolds = 10
NominalSubsetTests = Yes

[Tree]
Heuristic = GainRatio
HeuristicComplexity = N2
SetDistance = GSMDistance
TupleDistance = Euclidean
TSDistance = DTW
PruningMethod = Default
BinarySplit = Yes
ConvertToRules = No
AlternativeSplits = No
Optimize = {}
MSENominal = No
SplitSampling = None
MissingClusteringAttrHandling = EstimateFromParentNode
MissingTargetAttrHandling = ParentNode
InductionOrder = DepthFirst
EntropyType = StandardEntropy
ConsiderUnlableInstancesInIGCalc = No
SpatialMatrix = Binary
SpatialMeasure = GlobalMoran
Bandwidth = 0.001
Longlat = No
NumNeightbours = 0.0
Alpha = 1.0
SplitPosition = Exact

[Ensemble]
Iterations = 100
EnsembleMethod = RForest
VotingType = ProbabilityDistribution
SelectRandomSubspaces = 4
SelectRandomTargetSubspaces = SQRT
RandomOutputSelection = None
PrintAllModels = No
PrintAllModelFiles = No
PrintAllModelInfo = No
PrintPaths = No
Optimize = No
OOBestimate = No
FeatureRanking = None
FeatureRankingPerTarget = No
SymbolicWeight = 0.5
SortRankingByRelevance = Yes
WriteEnsemblePredictions = No
EnsembleRandomDepth = No
BagSelection = -1
BagSize = 0
NumberOfThreads = 1

[SemiSupervised]
SemiSupervisedMethod = PCT
StoppingCriteria = NoneAdded
UnlabeledCriteria = KMostConfident
ConfidenceThreshold = 0.9
ConfidenceMeasure = RandomGaussian
Iterations = 100
K = 5
UnlabeledData = resources/unlabeled.arff
PercentageLabeled = 5
UseWeights = No
AirbagTrials = 0
ExhaustiveSearchThresholds = [0.5,0.6,0.7,0.8,0.9,0.99]
OOBErrorCalculation = LabeledOnly
Normalization = Standardization
Aggregation = Average
CalibrateHmcThreshold = No
PruningWhenTuning = No
InternalFolds = 5
WeightScoresFile = NO
PossibleWeights = [0.0,0.1,0.2,0.3,0.4,0.5,0.6,0.7,0.8,0.9,1.0]

[Output]
ShowModels = {Default, Pruned, Others}
TrainErrors = Yes
ValidErrors = Yes
TestErrors = Yes
AllFoldModels = Yes
AllFoldErrors = No
AllFoldDatasets = No
UnknownFrequency = No
BranchFrequency = No
ShowInfo = {Count}
PrintModelAndExamples = No
WriteErrorFile = Yes
WriteModelFile = No
WriteOOBFile = No
WritePredictions = {Test}
GzipOutput = No
ModelIDFiles = No
WriteCurves = No
OutputPythonModel = No
OutputROSSubspaces = No
OutputJSONModel = No
OutputDatabaseQueries = No
OutputClowdFlowsJSON = No

Run: 01
*******

Statistics
----------

FTValue (FTest): 1.0
Induction Time: 105.164 sec
Pruning Time: 0 sec
Model information:
     Default: Nodes = 1 (Leaves: 1)
     Original: FOREST with 100 models (Total nodes: 6026 and leaves: 3063)

Training error
--------------

Number of examples: 546
Classification Error
   Default: 
   Attribute: stato
     REAL\PRED |   1 | 0 |
     -------------------------
             1 | 485 | 0 | 485
             0 |  61 | 0 |  61
     -------------------------
               | 546 | 0 | 546
     Accuracy: 0.888278
     Cramer's coefficient: 0

   Original: 
   Attribute: stato
     REAL\PRED |   1 |  0 |
     --------------------------
             1 | 485 |  0 | 485
             0 |  19 | 42 |  61
     --------------------------
               | 504 | 42 | 546
     Accuracy: 0.965201
     Cramer's coefficient: 0.813983

Weighted mean squared error (MSE) for Nominal Attributes (Weights [5.038])
   Default        : [1]
   Original       : [4.9047]

Testing error
-------------

Number of examples: 136
Classification Error
   Default: 
   Attribute: stato
     REAL\PRED |   1 | 0 |
     -------------------------
             1 | 121 | 0 | 121
             0 |  15 | 0 |  15
     -------------------------
               | 136 | 0 | 136
     Accuracy: 0.889706
     Cramer's coefficient: 0

   Original: 
   Attribute: stato
     REAL\PRED |   1 | 0 |
     -------------------------
             1 | 120 | 1 | 121
             0 |  12 | 3 |  15
     -------------------------
               | 132 | 4 | 136
     Accuracy: 0.904412
     Cramer's coefficient: 0.355487

Weighted mean squared error (MSE) for Nominal Attributes (Weights [5.038])
   Default        : [0.9888]
   Original       : [4.9435]

Default Model
*************

[1] [485.0]: 546

Original Model
**************

Forest with 100 models

